<?xml version="1.0" encoding="UTF-8"?>
<!-- Generated by org.testng.reporters.JUnitReportReporter -->
<testsuite hostname="DESKTOP-KQS4E5G" failures="0" tests="4" name="com.selenium.Calculator" time="0.013" errors="0" timestamp="2023-06-03T12:27:46 IST" skipped="0">
  <testcase classname="com.selenium.Calculator" name="add" time="0.010"/>
  <system-out/>
  <testcase classname="com.selenium.Calculator" name="divide" time="0.001"/>
  <system-out/>
  <testcase classname="com.selenium.Calculator" name="multiply" time="0.001"/>
  <system-out/>
  <testcase classname="com.selenium.Calculator" name="subtract" time="0.001"/>
  <system-out/>
</testsuite> <!-- com.selenium.Calculator -->
