<?xml version="1.0" encoding="UTF-8"?>
<!-- Generated by org.testng.reporters.JUnitReportReporter -->
<testsuite hostname="DESKTOP-KQS4E5G" failures="0" tests="1" name="com.selenium.day7_1" time="9.831" errors="0" timestamp="2023-06-03T12:32:35 IST" skipped="0">
  <testcase classname="com.selenium.day7_1" name="verifyTitle" time="9.831"/>
  <system-out/>
</testsuite> <!-- com.selenium.day7_1 -->
